Arguments: 
  /usr/local/bin/node /usr/local/bin/yarn

PATH: 
  /usr/local/bin:/usr/bin:/bin:/usr/sbin:/sbin:/usr/local/go/bin

Yarn version: 
  0.17.10

Node version: 
  7.2.0

Platform: 
  darwin x64

npm manifest: 
  {
    "name": "liulab_admin",
    "version": "1.0.0",
    "description": "",
    "main": "index.js",
    "scripts": {
      "dev": "NODE_ENV=dev SERVER=http://localhost:9000 webpack-dev-server",
      "prod": "NODE_ENV=prod SERVER=http://139.129.29.110:9000 webpack",
      "test": "NODE_ENV=test webpack"
    },
    "author": "",
    "license": "ISC",
    "dependencies": {
      "babel-polyfill": "^6.13.0",
      "chart.js": "^2.4.0",
      "classname": "^0.0.0",
      "compression": "^1.6.2",
      "express": "^4.14.0",
      "express-history-api-fallback": "^2.0.0",
      "history": "^2.1.2",
      "isomorphic-fetch": "^2.2.1",
      "lodash": "^4.17.3",
      "moment": "^2.14.1",
      "react": "^15.3.0",
      "react-dom": "^15.3.0",
      "react-redux": "^4.4.5",
      "react-router": "^2.7.0",
      "redux": "^3.5.2",
      "redux-thunk": "^2.1.0"
    },
    "devDependencies": {
      "babel-core": "^6.13.2",
      "babel-loader": "^6.2.4",
      "babel-plugin-transform-export-extensions": "^6.8.0",
      "babel-preset-es2015": "^6.13.2",
      "babel-preset-react": "^6.11.1",
      "babel-preset-stage-0": "^6.5.0",
      "babel-preset-stage-1": "^6.13.0",
      "babel-preset-stage-2": "^6.13.0",
      "babel-preset-stage-3": "^6.11.0",
      "css-loader": "^0.23.1",
      "file-loader": "^0.9.0",
      "html-loader": "^0.4.3",
      "html-webpack-plugin": "^2.22.0",
      "image-webpack-loader": "^3.0.0",
      "json-loader": "^0.5.4",
      "node-sass": "^3.8.0",
      "redux-logger": "^2.6.1",
      "sass": "^0.5.0",
      "sass-loader": "^4.0.2",
      "style-loader": "^0.13.1",
      "webpack": "^1.13.1",
      "webpack-dev-server": "^1.14.1",
      "webpack-merge": "^0.14.1"
    }
  }

yarn manifest: 
  No manifest

Lockfile: 
  No lockfile

Trace: 
  Error: read ETIMEDOUT
      at exports._errnoException (util.js:1022:11)
      at TCP.onread (net.js:572:26)
